<!DOCTYPE html PUBLIC "-//W3C//DTD XHTML 1.1//EN" "http://www.w3.org/TR/xhtml11/DTD/xhtml11.dtd">
<html xmlns="http://www.w3.org/1999/xhtml">
<head>
<title>TestNG:  Unit Test</title>
<style type="text/css">
table caption,table.info_table,table.result,table.passed,table.failed {margin-bottom:10px;border:1px solid #000099;border-collapse:collapse;empty-cells:show;}
table.info_table td,table.info_table th,table.result td,table.result th,table.passed td,table.passed th,table.failed td,table.failed th {
border:1px solid #000099;padding:.25em .5em .25em .5em
}
table.result th {vertical-align:bottom}
tr.param th {padding-left:1em;padding-right:1em}
tr.param td {padding-left:.5em;padding-right:2em}
td.numi,th.numi,td.numi_attn {
text-align:right
}
tr.total td {font-weight:bold}
table caption {
text-align:center;font-weight:bold;
}
table.passed tr.stripe td,table tr.passedodd td {background-color: #00AA00;}
table.passed td,table tr.passedeven td {background-color: #33FF33;}
table.passed tr.stripe td,table tr.skippedodd td {background-color: #cccccc;}
table.passed td,table tr.skippedodd td {background-color: #dddddd;}
table.failed tr.stripe td,table tr.failedodd td,table.result td.numi_attn {background-color: #FF3333;}
table.failed td,table tr.failedeven td,table.result tr.stripe td.numi_attn {background-color: #DD0000;}
tr.stripe td,tr.stripe th {background-color: #E6EBF9;}
p.totop {font-size:85%;text-align:center;border-bottom:2px black solid}
div.shootout {padding:2em;border:3px #4854A8 solid}
</style>
</head>
<body>
<table cellspacing="0" cellpadding="0" class="result">
<tr><th>Test</th><th class="numi">Methods<br/>Passed</th><th class="numi">Scenarios<br/>Passed</th><th class="numi"># skipped</th><th class="numi"># failed</th><th class="numi">Total<br/>Time</th><th class="numi">Included<br/>Groups</th><th class="numi">Excluded<br/>Groups</th></tr>
<tr><td style="text-align:left;padding-right:2em">Default test</td><td class="numi">9</td><td class="numi">7</td><td class="numi">0</td><td class="numi_attn">9</td><td class="numi">136.1 seconds</td><td class="numi"></td><td class="numi"></td></tr>
</table>
<table cellspacing="0" cellpadding="0" class="passed" id="summary">
<tr><th>Class</th><th>Method</th><th># of<br/>Scenarios</th><th>Start</th><th>Time<br/>(ms)</th></tr>
<tr><th colspan="4">Default test &#8212; failed</th></tr>
<tr class="failedodd"><td rowspan="9">bdd.runners.RunnerClass</td><td><a href="#m1"><b>feature</b> (cucumber) ("Runs Cucumber Feature")</a></td><td class="numi">2</td><td>1597738017690</td><td class="numi">74940</td></tr><tr class="failedodd"><td><a href="#m2"><b>feature</b> (cucumber) ("Runs Cucumber Feature")</a></td><td class="numi">2</td><td>1597738017690</td><td class="numi">74940</td></tr><tr class="failedodd"><td><a href="#m3"><b>feature</b> (cucumber) ("Runs Cucumber Feature")</a></td><td class="numi">2</td><td>1597738017690</td><td class="numi">74940</td></tr><tr class="failedodd"><td><a href="#m4"><b>feature</b> (cucumber) ("Runs Cucumber Feature")</a></td><td class="numi">2</td><td>1597738017690</td><td class="numi">74940</td></tr><tr class="failedodd"><td><a href="#m5"><b>feature</b> (cucumber) ("Runs Cucumber Feature")</a></td><td class="numi">2</td><td>1597738017690</td><td class="numi">74940</td></tr><tr class="failedodd"><td><a href="#m6"><b>feature</b> (cucumber) ("Runs Cucumber Feature")</a></td><td class="numi">2</td><td>1597738017690</td><td class="numi">74940</td></tr><tr class="failedodd"><td><a href="#m7"><b>feature</b> (cucumber) ("Runs Cucumber Feature")</a></td><td class="numi">2</td><td>1597738017690</td><td class="numi">74940</td></tr><tr class="failedodd"><td><a href="#m8"><b>feature</b> (cucumber) ("Runs Cucumber Feature")</a></td><td class="numi">2</td><td>1597738017690</td><td class="numi">74940</td></tr><tr class="failedodd"><td><a href="#m9"><b>feature</b> (cucumber) ("Runs Cucumber Feature")</a></td><td class="numi">2</td><td>1597738017690</td><td class="numi">74940</td></tr>
<tr><th colspan="4">Default test &#8212; passed</th></tr>
<tr class="passedodd"><td rowspan="9">bdd.runners.RunnerClass</td><td><a href="#m10"><b>feature</b> (cucumber) ("Runs Cucumber Feature")</a></td><td class="numi">7</td><td>1597737992593</td><td class="numi">135435</td></tr><tr class="passedodd"><td><a href="#m11"><b>feature</b> (cucumber) ("Runs Cucumber Feature")</a></td><td class="numi">7</td><td>1597737992593</td><td class="numi">135435</td></tr><tr class="passedodd"><td><a href="#m12"><b>feature</b> (cucumber) ("Runs Cucumber Feature")</a></td><td class="numi">7</td><td>1597737992593</td><td class="numi">135435</td></tr><tr class="passedodd"><td><a href="#m13"><b>feature</b> (cucumber) ("Runs Cucumber Feature")</a></td><td class="numi">7</td><td>1597737992593</td><td class="numi">135435</td></tr><tr class="passedodd"><td><a href="#m14"><b>feature</b> (cucumber) ("Runs Cucumber Feature")</a></td><td class="numi">7</td><td>1597737992593</td><td class="numi">135435</td></tr><tr class="passedodd"><td><a href="#m15"><b>feature</b> (cucumber) ("Runs Cucumber Feature")</a></td><td class="numi">7</td><td>1597737992593</td><td class="numi">135435</td></tr><tr class="passedodd"><td><a href="#m16"><b>feature</b> (cucumber) ("Runs Cucumber Feature")</a></td><td class="numi">7</td><td>1597737992593</td><td class="numi">135435</td></tr><tr class="passedodd"><td><a href="#m17"><b>feature</b> (cucumber) ("Runs Cucumber Feature")</a></td><td class="numi">7</td><td>1597737992593</td><td class="numi">135435</td></tr><tr class="passedodd"><td><a href="#m18"><b>feature</b> (cucumber) ("Runs Cucumber Feature")</a></td><td class="numi">7</td><td>1597737992593</td><td class="numi">135435</td></tr>
</table>
<h1>Default test</h1>
<h2 id="m1">bdd.runners.RunnerClass:feature</h2>
<table cellspacing="0" cellpadding="0" class="result">
<tr class="param"><th>Parameter #1</th></tr>
<tr class="param stripe"><td>User ability to find Medication List for Hair Loss</td>
</tr>
<tr><td style="padding-left:3em" colspan="1">
<p>org.openqa.selenium.ElementClickInterceptedException: element click intercepted: Element &lt;a href=&quot;/hair-loss.html&quot; onclick=&quot;DDC_recordConditionHit(event);&quot;&gt;...&lt;/a&gt; is not clickable at point (134, 11). Other element would receive the click: &lt;div id=&quot;google_ads_iframe_/7146/alpha_0__container__&quot; style=&quot;border: 0pt none;&quot;&gt;...&lt;/div&gt;
  (Session info: chrome=84.0.4147.125)
Build info: version: &apos;3.12.0&apos;, revision: &apos;7c6e0b3&apos;, time: &apos;2018-05-08T14:04:26.12Z&apos;
System info: host: &apos;DESKTOP-U8A0AGU&apos;, ip: &apos;192.168.102.1&apos;, os.name: &apos;Windows 10&apos;, os.arch: &apos;amd64&apos;, os.version: &apos;10.0&apos;, java.version: &apos;1.8.0_251&apos;
Driver info: org.openqa.selenium.chrome.ChromeDriver
Capabilities {acceptInsecureCerts: false, browserName: chrome, browserVersion: 84.0.4147.125, chrome: {chromedriverVersion: 83.0.4103.39 (ccbf011cb2d2b..., userDataDir: C:\Users\12404\AppData\Loca...}, goog:chromeOptions: {debuggerAddress: localhost:55444}, javascriptEnabled: true, networkConnectionEnabled: false, pageLoadStrategy: normal, platform: WINDOWS, platformName: WINDOWS, proxy: Proxy(), setWindowRect: true, strictFileInteractability: false, timeouts: {implicit: 0, pageLoad: 300000, script: 30000}, unhandledPromptBehavior: dismiss and notify, webauthn:virtualAuthenticators: true}
Session ID: 07ca2f279134b6eccde86b94a7d4910a</p>
cucumber.api.testng.TestNGCucumberRunner.runCucumber(TestNGCucumberRunner.java:69)
<br/>at cucumber.api.testng.AbstractTestNGCucumberTests.feature(AbstractTestNGCucumberTests.java:21)
<br/>at sun.reflect.NativeMethodAccessorImpl.invoke0(Native Method)
<br/>at sun.reflect.NativeMethodAccessorImpl.invoke(Unknown Source)
<br/>at sun.reflect.DelegatingMethodAccessorImpl.invoke(Unknown Source)
<br/>at java.lang.reflect.Method.invoke(Unknown Source)
<br/>at org.testng.internal.MethodInvocationHelper.invokeMethod(MethodInvocationHelper.java:80)
<br/>at org.testng.internal.Invoker.invokeMethod(Invoker.java:714)
<br/>at org.testng.internal.Invoker.invokeTestMethod(Invoker.java:901)
<br/>at org.testng.internal.Invoker.invokeTestMethods(Invoker.java:1231)
<br/>at org.testng.internal.TestMethodWorker.invokeTestMethods(TestMethodWorker.java:127)
<br/>at org.testng.internal.TestMethodWorker.run(TestMethodWorker.java:111)
<br/>at org.testng.TestRunner.privateRun(TestRunner.java:767)
<br/>at org.testng.TestRunner.run(TestRunner.java:617)
<br/>at org.testng.SuiteRunner.runTest(SuiteRunner.java:334)
<br/>at org.testng.SuiteRunner.runSequentially(SuiteRunner.java:329)
<br/>at org.testng.SuiteRunner.privateRun(SuiteRunner.java:291)
<br/>at org.testng.SuiteRunner.run(SuiteRunner.java:240)
<br/>at org.testng.SuiteRunnerWorker.runSuite(SuiteRunnerWorker.java:52)
<br/>at org.testng.SuiteRunnerWorker.run(SuiteRunnerWorker.java:86)
<br/>at org.testng.TestNG.runSuitesSequentially(TestNG.java:1198)
<br/>at org.testng.TestNG.runSuitesLocally(TestNG.java:1123)
<br/>at org.testng.TestNG.run(TestNG.java:1031)
<br/>at org.testng.remote.AbstractRemoteTestNG.run(AbstractRemoteTestNG.java:126)
<br/>at org.testng.remote.RemoteTestNG.initAndRun(RemoteTestNG.java:137)
<br/>at org.testng.remote.RemoteTestNG.main(RemoteTestNG.java:58)
<br/>1 lines not shown
<p>Caused by element click intercepted: Element &lt;a href=&quot;/hair-loss.html&quot; onclick=&quot;DDC_recordConditionHit(event);&quot;&gt;...&lt;/a&gt; is not clickable at point (134, 11). Other element would receive the click: &lt;div id=&quot;google_ads_iframe_/7146/alpha_0__container__&quot; style=&quot;border: 0pt none;&quot;&gt;...&lt;/div&gt;
  (Session info: chrome=84.0.4147.125)
Build info: version: &apos;3.12.0&apos;, revision: &apos;7c6e0b3&apos;, time: &apos;2018-05-08T14:04:26.12Z&apos;
System info: host: &apos;DESKTOP-U8A0AGU&apos;, ip: &apos;192.168.102.1&apos;, os.name: &apos;Windows 10&apos;, os.arch: &apos;amd64&apos;, os.version: &apos;10.0&apos;, java.version: &apos;1.8.0_251&apos;
Driver info: org.openqa.selenium.chrome.ChromeDriver
Capabilities {acceptInsecureCerts: false, browserName: chrome, browserVersion: 84.0.4147.125, chrome: {chromedriverVersion: 83.0.4103.39 (ccbf011cb2d2b..., userDataDir: C:\Users\12404\AppData\Loca...}, goog:chromeOptions: {debuggerAddress: localhost:55444}, javascriptEnabled: true, networkConnectionEnabled: false, pageLoadStrategy: normal, platform: WINDOWS, platformName: WINDOWS, proxy: Proxy(), setWindowRect: true, strictFileInteractability: false, timeouts: {implicit: 0, pageLoad: 300000, script: 30000}, unhandledPromptBehavior: dismiss and notify, webauthn:virtualAuthenticators: true}
Session ID: 07ca2f279134b6eccde86b94a7d4910a</p>
sun.reflect.NativeConstructorAccessorImpl.newInstance0(Native Method)
<br/>at sun.reflect.NativeConstructorAccessorImpl.newInstance(Unknown Source)
<br/>at sun.reflect.DelegatingConstructorAccessorImpl.newInstance(Unknown Source)
<br/>at java.lang.reflect.Constructor.newInstance(Unknown Source)
<br/>at org.openqa.selenium.remote.http.W3CHttpResponseCodec.createException(W3CHttpResponseCodec.java:187)
<br/>at org.openqa.selenium.remote.http.W3CHttpResponseCodec.decode(W3CHttpResponseCodec.java:122)
<br/>at org.openqa.selenium.remote.http.W3CHttpResponseCodec.decode(W3CHttpResponseCodec.java:49)
<br/>at org.openqa.selenium.remote.HttpCommandExecutor.execute(HttpCommandExecutor.java:158)
<br/>at org.openqa.selenium.remote.service.DriverCommandExecutor.execute(DriverCommandExecutor.java:83)
<br/>at org.openqa.selenium.remote.RemoteWebDriver.execute(RemoteWebDriver.java:543)
<br/>at org.openqa.selenium.remote.RemoteWebElement.execute(RemoteWebElement.java:276)
<br/>at org.openqa.selenium.remote.RemoteWebElement.click(RemoteWebElement.java:83)
<br/>at sun.reflect.NativeMethodAccessorImpl.invoke0(Native Method)
<br/>at sun.reflect.NativeMethodAccessorImpl.invoke(Unknown Source)
<br/>at sun.reflect.DelegatingMethodAccessorImpl.invoke(Unknown Source)
<br/>at java.lang.reflect.Method.invoke(Unknown Source)
<br/>at org.openqa.selenium.support.pagefactory.internal.LocatingElementHandler.invoke(LocatingElementHandler.java:51)
<br/>at com.sun.proxy.$Proxy20.click(Unknown Source)
<br/>at bdd.drugs.PageActions.ConditionsHPageActions.hairLossLink(ConditionsHPageActions.java:26)
<br/>at bdd.stepDef.HairLossMedicationListSteps.click_on_Hair_Loss_link_in_the_Condition_Page(HairLossMedicationListSteps.java:32)
<br/>at ?.And click on Hair Loss link in the Condition Page(MedicationHairLoss.feature:10)
<br/>1 lines not shown
</td></tr>
</table>
<p class="totop"><a href="#summary">back to summary</a></p>
<h2 id="m2">bdd.runners.RunnerClass:feature</h2>
<table cellspacing="0" cellpadding="0" class="result">
<tr class="param"><th>Parameter #1</th></tr>
<tr class="param stripe"><td>Users ability to search side effect of drug</td>
</tr>
<tr><td style="padding-left:3em" colspan="1">
<p>org.openqa.selenium.NoSuchElementException: no such element: Unable to locate element: {&quot;method&quot;:&quot;xpath&quot;,&quot;selector&quot;:&quot;//ul[@class=&apos;search-result-secondary ddc-list-column-2&apos;]//a[contains(text(),&apos;Side Effects&apos;)]&quot;}
  (Session info: chrome=84.0.4147.125)
For documentation on this error, please visit: http://seleniumhq.org/exceptions/no_such_element.html
Build info: version: &apos;3.12.0&apos;, revision: &apos;7c6e0b3&apos;, time: &apos;2018-05-08T14:04:26.12Z&apos;
System info: host: &apos;DESKTOP-U8A0AGU&apos;, ip: &apos;192.168.102.1&apos;, os.name: &apos;Windows 10&apos;, os.arch: &apos;amd64&apos;, os.version: &apos;10.0&apos;, java.version: &apos;1.8.0_251&apos;
Driver info: org.openqa.selenium.chrome.ChromeDriver
Capabilities {acceptInsecureCerts: false, browserName: chrome, browserVersion: 84.0.4147.125, chrome: {chromedriverVersion: 83.0.4103.39 (ccbf011cb2d2b..., userDataDir: C:\Users\12404\AppData\Loca...}, goog:chromeOptions: {debuggerAddress: localhost:55054}, javascriptEnabled: true, networkConnectionEnabled: false, pageLoadStrategy: normal, platform: WINDOWS, platformName: WINDOWS, proxy: Proxy(), setWindowRect: true, strictFileInteractability: false, timeouts: {implicit: 0, pageLoad: 300000, script: 30000}, unhandledPromptBehavior: dismiss and notify, webauthn:virtualAuthenticators: true}
Session ID: 8f2e8d7da6e6df966b9863012095b30f
*** Element info: {Using=xpath, value=//ul[@class=&apos;search-result-secondary ddc-list-column-2&apos;]//a[contains(text(),&apos;Side Effects&apos;)]}</p>
cucumber.api.testng.TestNGCucumberRunner.runCucumber(TestNGCucumberRunner.java:69)
<br/>at cucumber.api.testng.AbstractTestNGCucumberTests.feature(AbstractTestNGCucumberTests.java:21)
<br/>at sun.reflect.NativeMethodAccessorImpl.invoke0(Native Method)
<br/>at sun.reflect.NativeMethodAccessorImpl.invoke(Unknown Source)
<br/>at sun.reflect.DelegatingMethodAccessorImpl.invoke(Unknown Source)
<br/>at java.lang.reflect.Method.invoke(Unknown Source)
<br/>at org.testng.internal.MethodInvocationHelper.invokeMethod(MethodInvocationHelper.java:80)
<br/>at org.testng.internal.Invoker.invokeMethod(Invoker.java:714)
<br/>at org.testng.internal.Invoker.invokeTestMethod(Invoker.java:901)
<br/>at org.testng.internal.Invoker.invokeTestMethods(Invoker.java:1231)
<br/>at org.testng.internal.TestMethodWorker.invokeTestMethods(TestMethodWorker.java:127)
<br/>at org.testng.internal.TestMethodWorker.run(TestMethodWorker.java:111)
<br/>at org.testng.TestRunner.privateRun(TestRunner.java:767)
<br/>at org.testng.TestRunner.run(TestRunner.java:617)
<br/>at org.testng.SuiteRunner.runTest(SuiteRunner.java:334)
<br/>at org.testng.SuiteRunner.runSequentially(SuiteRunner.java:329)
<br/>at org.testng.SuiteRunner.privateRun(SuiteRunner.java:291)
<br/>at org.testng.SuiteRunner.run(SuiteRunner.java:240)
<br/>at org.testng.SuiteRunnerWorker.runSuite(SuiteRunnerWorker.java:52)
<br/>at org.testng.SuiteRunnerWorker.run(SuiteRunnerWorker.java:86)
<br/>at org.testng.TestNG.runSuitesSequentially(TestNG.java:1198)
<br/>at org.testng.TestNG.runSuitesLocally(TestNG.java:1123)
<br/>at org.testng.TestNG.run(TestNG.java:1031)
<br/>at org.testng.remote.AbstractRemoteTestNG.run(AbstractRemoteTestNG.java:126)
<br/>at org.testng.remote.RemoteTestNG.initAndRun(RemoteTestNG.java:137)
<br/>at org.testng.remote.RemoteTestNG.main(RemoteTestNG.java:58)
<br/>1 lines not shown
<p>Caused by no such element: Unable to locate element: {&quot;method&quot;:&quot;xpath&quot;,&quot;selector&quot;:&quot;//ul[@class=&apos;search-result-secondary ddc-list-column-2&apos;]//a[contains(text(),&apos;Side Effects&apos;)]&quot;}
  (Session info: chrome=84.0.4147.125)
For documentation on this error, please visit: http://seleniumhq.org/exceptions/no_such_element.html
Build info: version: &apos;3.12.0&apos;, revision: &apos;7c6e0b3&apos;, time: &apos;2018-05-08T14:04:26.12Z&apos;
System info: host: &apos;DESKTOP-U8A0AGU&apos;, ip: &apos;192.168.102.1&apos;, os.name: &apos;Windows 10&apos;, os.arch: &apos;amd64&apos;, os.version: &apos;10.0&apos;, java.version: &apos;1.8.0_251&apos;
Driver info: org.openqa.selenium.chrome.ChromeDriver
Capabilities {acceptInsecureCerts: false, browserName: chrome, browserVersion: 84.0.4147.125, chrome: {chromedriverVersion: 83.0.4103.39 (ccbf011cb2d2b..., userDataDir: C:\Users\12404\AppData\Loca...}, goog:chromeOptions: {debuggerAddress: localhost:55054}, javascriptEnabled: true, networkConnectionEnabled: false, pageLoadStrategy: normal, platform: WINDOWS, platformName: WINDOWS, proxy: Proxy(), setWindowRect: true, strictFileInteractability: false, timeouts: {implicit: 0, pageLoad: 300000, script: 30000}, unhandledPromptBehavior: dismiss and notify, webauthn:virtualAuthenticators: true}
Session ID: 8f2e8d7da6e6df966b9863012095b30f
*** Element info: {Using=xpath, value=//ul[@class=&apos;search-result-secondary ddc-list-column-2&apos;]//a[contains(text(),&apos;Side Effects&apos;)]}</p>
sun.reflect.NativeConstructorAccessorImpl.newInstance0(Native Method)
<br/>at sun.reflect.NativeConstructorAccessorImpl.newInstance(Unknown Source)
<br/>at sun.reflect.DelegatingConstructorAccessorImpl.newInstance(Unknown Source)
<br/>at java.lang.reflect.Constructor.newInstance(Unknown Source)
<br/>at org.openqa.selenium.remote.http.W3CHttpResponseCodec.createException(W3CHttpResponseCodec.java:187)
<br/>at org.openqa.selenium.remote.http.W3CHttpResponseCodec.decode(W3CHttpResponseCodec.java:122)
<br/>at org.openqa.selenium.remote.http.W3CHttpResponseCodec.decode(W3CHttpResponseCodec.java:49)
<br/>at org.openqa.selenium.remote.HttpCommandExecutor.execute(HttpCommandExecutor.java:158)
<br/>at org.openqa.selenium.remote.service.DriverCommandExecutor.execute(DriverCommandExecutor.java:83)
<br/>at org.openqa.selenium.remote.RemoteWebDriver.execute(RemoteWebDriver.java:543)
<br/>at org.openqa.selenium.remote.RemoteWebDriver.findElement(RemoteWebDriver.java:317)
<br/>at org.openqa.selenium.remote.RemoteWebDriver.findElementByXPath(RemoteWebDriver.java:419)
<br/>at org.openqa.selenium.By$ByXPath.findElement(By.java:353)
<br/>at org.openqa.selenium.remote.RemoteWebDriver.findElement(RemoteWebDriver.java:309)
<br/>at org.openqa.selenium.support.pagefactory.DefaultElementLocator.findElement(DefaultElementLocator.java:69)
<br/>at org.openqa.selenium.support.pagefactory.internal.LocatingElementHandler.invoke(LocatingElementHandler.java:38)
<br/>at com.sun.proxy.$Proxy20.getWrappedElement(Unknown Source)
<br/>at org.openqa.selenium.remote.internal.WebElementToJsonConverter.apply(WebElementToJsonConverter.java:51)
<br/>at java.util.stream.ReferencePipeline$3$1.accept(Unknown Source)
<br/>at java.util.Spliterators$ArraySpliterator.forEachRemaining(Unknown Source)
<br/>at java.util.stream.AbstractPipeline.copyInto(Unknown Source)
<br/>at java.util.stream.AbstractPipeline.wrapAndCopyInto(Unknown Source)
<br/>at java.util.stream.ReduceOps$ReduceOp.evaluateSequential(Unknown Source)
<br/>at java.util.stream.AbstractPipeline.evaluate(Unknown Source)
<br/>at java.util.stream.ReferencePipeline.collect(Unknown Source)
<br/>at org.openqa.selenium.remote.RemoteWebDriver.executeScript(RemoteWebDriver.java:475)
<br/>at bdd.drugs.PageActions.HydroxychloroquineResultPageActions.sideEffects(HydroxychloroquineResultPageActions.java:22)
<br/>at bdd.stepDef.DrugsSideEffectsSteps.user_scroll_down_and_click_on_Side_Effects_link(DrugsSideEffectsSteps.java:35)
<br/>at ?.And user scroll down and click on Side Effects link(DrugsSideEffect.feature:8)
<br/>1 lines not shown
</td></tr>
</table>
<p class="totop"><a href="#summary">back to summary</a></p>
<h2 id="m3">bdd.runners.RunnerClass:feature</h2>
<table cellspacing="0" cellpadding="0" class="result">
<tr class="param"><th>Parameter #1</th></tr>
<tr class="param stripe"><td>Find latest FDA approved drug from archive</td>
</tr>
</table>
<p class="totop"><a href="#summary">back to summary</a></p>
<h2 id="m4">bdd.runners.RunnerClass:feature</h2>
<table cellspacing="0" cellpadding="0" class="result">
<tr class="param"><th>Parameter #1</th></tr>
<tr class="param stripe"><td>Identify medication using Pill Identifier</td>
</tr>
</table>
<p class="totop"><a href="#summary">back to summary</a></p>
<h2 id="m5">bdd.runners.RunnerClass:feature</h2>
<table cellspacing="0" cellpadding="0" class="result">
<tr class="param"><th>Parameter #1</th></tr>
<tr class="param stripe"><td>User ability to browse site section and select Medical news</td>
</tr>
</table>
<p class="totop"><a href="#summary">back to summary</a></p>
<h2 id="m6">bdd.runners.RunnerClass:feature</h2>
<table cellspacing="0" cellpadding="0" class="result">
<tr class="param"><th>Parameter #1</th></tr>
<tr class="param stripe"><td>Drugs Registration As a user</td>
</tr>
</table>
<p class="totop"><a href="#summary">back to summary</a></p>
<h2 id="m7">bdd.runners.RunnerClass:feature</h2>
<table cellspacing="0" cellpadding="0" class="result">
<tr class="param"><th>Parameter #1</th></tr>
<tr class="param stripe"><td>User can check drug interactions</td>
</tr>
</table>
<p class="totop"><a href="#summary">back to summary</a></p>
<h2 id="m8">bdd.runners.RunnerClass:feature</h2>
<table cellspacing="0" cellpadding="0" class="result">
<tr class="param"><th>Parameter #1</th></tr>
<tr class="param stripe"><td>Sign in with invalid information</td>
</tr>
</table>
<p class="totop"><a href="#summary">back to summary</a></p>
<h2 id="m9">bdd.runners.RunnerClass:feature</h2>
<table cellspacing="0" cellpadding="0" class="result">
<tr class="param"><th>Parameter #1</th></tr>
<tr class="param stripe"><td>Users ability to find price of a Medication</td>
</tr>
</table>
<p class="totop"><a href="#summary">back to summary</a></p>
</body></html>
